[debug] [2026-02-28T22:14:11.158Z] ----------------------------------------------------------------------
[debug] [2026-02-28T22:14:11.167Z] Command:       C:\Program Files\nodejs\node.exe C:\Users\Jesus\AppData\Roaming\npm\node_modules\firebase-tools\lib\bin\firebase.js deploy --only functions
[debug] [2026-02-28T22:14:11.167Z] CLI Version:   15.5.1
[debug] [2026-02-28T22:14:11.168Z] Platform:      win32
[debug] [2026-02-28T22:14:11.168Z] Node Version:  v24.13.1
[debug] [2026-02-28T22:14:11.168Z] Time:          Sat Feb 28 2026 15:14:11 GMT-0700 (Mexican Pacific Standard Time)
[debug] [2026-02-28T22:14:11.168Z] ----------------------------------------------------------------------
[debug] 
[debug] [2026-02-28T22:14:16.424Z] Object "/emulators/firestore" in "firebase.json" has unknown property: {"additionalProperty":"import"}
[debug] [2026-02-28T22:14:16.431Z] > command requires scopes: ["email","openid","https://www.googleapis.com/auth/cloudplatformprojects.readonly","https://www.googleapis.com/auth/firebase","https://www.googleapis.com/auth/cloud-platform"]
[debug] [2026-02-28T22:14:16.432Z] > authorizing via signed-in user (jesusgabrielgonzaleses2@gmail.com)
[debug] [2026-02-28T22:14:16.432Z] [iam] checking project negocia-a17c5 for permissions ["cloudfunctions.functions.create","cloudfunctions.functions.delete","cloudfunctions.functions.get","cloudfunctions.functions.list","cloudfunctions.functions.update","cloudfunctions.operations.get","firebase.projects.get"]
[debug] [2026-02-28T22:14:16.434Z] Checked if tokens are valid: true, expires at: 1772319775115
[debug] [2026-02-28T22:14:16.434Z] Checked if tokens are valid: true, expires at: 1772319775115
[debug] [2026-02-28T22:14:16.435Z] >>> [apiv2][query] POST https://cloudresourcemanager.googleapis.com/v1/projects/negocia-a17c5:testIamPermissions [none]
[debug] [2026-02-28T22:14:16.436Z] >>> [apiv2][(partial)header] POST https://cloudresourcemanager.googleapis.com/v1/projects/negocia-a17c5:testIamPermissions  x-goog-user-project=negocia-a17c5
[debug] [2026-02-28T22:14:16.436Z] >>> [apiv2][body] POST https://cloudresourcemanager.googleapis.com/v1/projects/negocia-a17c5:testIamPermissions {"permissions":["cloudfunctions.functions.create","cloudfunctions.functions.delete","cloudfunctions.functions.get","cloudfunctions.functions.list","cloudfunctions.functions.update","cloudfunctions.operations.get","firebase.projects.get"]}
[debug] [2026-02-28T22:14:17.146Z] <<< [apiv2][status] POST https://cloudresourcemanager.googleapis.com/v1/projects/negocia-a17c5:testIamPermissions 200
[debug] [2026-02-28T22:14:17.146Z] <<< [apiv2][body] POST https://cloudresourcemanager.googleapis.com/v1/projects/negocia-a17c5:testIamPermissions {"permissions":["cloudfunctions.functions.create","cloudfunctions.functions.delete","cloudfunctions.functions.get","cloudfunctions.functions.list","cloudfunctions.functions.update","cloudfunctions.operations.get","firebase.projects.get"]}
[debug] [2026-02-28T22:14:17.147Z] Checked if tokens are valid: true, expires at: 1772319775115
[debug] [2026-02-28T22:14:17.147Z] Checked if tokens are valid: true, expires at: 1772319775115
[debug] [2026-02-28T22:14:17.147Z] >>> [apiv2][query] POST https://iam.googleapis.com/v1/projects/negocia-a17c5/serviceAccounts/negocia-a17c5@appspot.gserviceaccount.com:testIamPermissions [none]
[debug] [2026-02-28T22:14:17.147Z] >>> [apiv2][body] POST https://iam.googleapis.com/v1/projects/negocia-a17c5/serviceAccounts/negocia-a17c5@appspot.gserviceaccount.com:testIamPermissions {"permissions":["iam.serviceAccounts.actAs"]}
[debug] [2026-02-28T22:14:17.580Z] <<< [apiv2][status] POST https://iam.googleapis.com/v1/projects/negocia-a17c5/serviceAccounts/negocia-a17c5@appspot.gserviceaccount.com:testIamPermissions 200
[debug] [2026-02-28T22:14:17.580Z] <<< [apiv2][body] POST https://iam.googleapis.com/v1/projects/negocia-a17c5/serviceAccounts/negocia-a17c5@appspot.gserviceaccount.com:testIamPermissions {"permissions":["iam.serviceAccounts.actAs"]}
[info] 
[info] === Deploying to 'negocia-a17c5'...
[info] 
[info] i  deploying functions 
[info] Running command: npm --prefix "$RESOURCE_DIR" run lint
[info] Running command: npm --prefix "$RESOURCE_DIR" run build
[info] +  functions: Finished running predeploy script. 
[debug] [2026-02-28T22:14:42.084Z] Checked if tokens are valid: true, expires at: 1772319775115
[debug] [2026-02-28T22:14:42.084Z] Checked if tokens are valid: true, expires at: 1772319775115
[debug] [2026-02-28T22:14:42.085Z] >>> [apiv2][query] GET https://cloudresourcemanager.googleapis.com/v1/projects/negocia-a17c5 [none]
[debug] [2026-02-28T22:14:42.555Z] <<< [apiv2][status] GET https://cloudresourcemanager.googleapis.com/v1/projects/negocia-a17c5 200
[debug] [2026-02-28T22:14:42.556Z] <<< [apiv2][body] GET https://cloudresourcemanager.googleapis.com/v1/projects/negocia-a17c5 {"projectNumber":"129510647165","projectId":"negocia-a17c5","lifecycleState":"ACTIVE","name":"NegocIA","labels":{"firebase":"enabled","firebase-core":"disabled"},"createTime":"2026-01-18T23:26:28.060347Z"}
[info] i  functions: preparing codebase default for deployment 
[info] i  functions: ensuring required API cloudfunctions.googleapis.com is enabled... 
[info] i  functions: ensuring required API cloudbuild.googleapis.com is enabled... 
[info] i  artifactregistry: ensuring required API artifactregistry.googleapis.com is enabled... 
[debug] [2026-02-28T22:14:42.563Z] Checked if tokens are valid: true, expires at: 1772319775115
[debug] [2026-02-28T22:14:42.563Z] Checked if tokens are valid: true, expires at: 1772319775115
[debug] [2026-02-28T22:14:42.563Z] >>> [apiv2][query] GET https://firebase.googleapis.com/v1beta1/projects/negocia-a17c5/adminSdkConfig [none]
[debug] [2026-02-28T22:14:43.075Z] <<< [apiv2][status] GET https://firebase.googleapis.com/v1beta1/projects/negocia-a17c5/adminSdkConfig 200
[debug] [2026-02-28T22:14:43.075Z] <<< [apiv2][body] GET https://firebase.googleapis.com/v1beta1/projects/negocia-a17c5/adminSdkConfig {"projectId":"negocia-a17c5","storageBucket":"negocia-a17c5.firebasestorage.app"}
[debug] [2026-02-28T22:14:43.079Z] Validating nodejs source
[debug] [2026-02-28T22:14:46.670Z] > [functions] package.json contents: {
  "name": "functions",
  "scripts": {
    "lint": "eslint src/**/*.ts",
    "build": "tsc",
    "build:watch": "tsc --watch",
    "serve": "npm run build && firebase emulators:start --only functions",
    "shell": "npm run build && firebase functions:shell",
    "start": "npm run shell",
    "deploy": "firebase deploy --only functions",
    "logs": "firebase functions:log"
  },
  "engines": {
    "node": "24"
  },
  "main": "lib/index.js",
  "dependencies": {
    "@google/generative-ai": "^0.5.0",
    "firebase-admin": "^13.6.0",
    "firebase-functions": "^7.0.6"
  },
  "devDependencies": {
    "@typescript-eslint/eslint-plugin": "^5.12.0",
    "@typescript-eslint/parser": "^5.12.0",
    "eslint": "^8.9.0",
    "eslint-config-google": "^0.14.0",
    "eslint-plugin-import": "^2.25.4",
    "firebase-functions-test": "^3.4.1",
    "typescript": "^5.7.3"
  },
  "private": true
}
[debug] [2026-02-28T22:14:46.671Z] Building nodejs source
[info] i  functions: Loading and analyzing source code for codebase default to determine what to deploy 
[debug] [2026-02-28T22:14:46.675Z] Could not find functions.yaml. Must use http discovery
[debug] [2026-02-28T22:14:46.708Z] Found firebase-functions binary at 'C:\Users\Jesus\Desktop\MarcaPersonal\NegocIA\AppNegocIA\functions\node_modules\.bin\firebase-functions'
[info] Serving at port 8001

[error] (node:29100) [DEP0040] DeprecationWarning: The `punycode` module is deprecated. Please use a userland alternative instead.
(Use `node --trace-deprecation ...` to show where the warning was created)

[debug] [2026-02-28T22:14:49.273Z] Got response from /__/functions.yaml {"endpoints":{"askAssistant":{"availableMemoryMb":null,"timeoutSeconds":null,"minInstances":null,"maxInstances":null,"ingressSettings":null,"concurrency":null,"serviceAccountEmail":null,"vpc":null,"platform":"gcfv2","labels":{},"callableTrigger":{},"entryPoint":"askAssistant"},"verifySubscription":{"availableMemoryMb":null,"timeoutSeconds":null,"minInstances":null,"maxInstances":null,"ingressSettings":null,"concurrency":null,"serviceAccountEmail":null,"vpc":null,"platform":"gcfv2","labels":{},"httpsTrigger":{},"entryPoint":"verifySubscription"},"ping":{"availableMemoryMb":null,"timeoutSeconds":null,"minInstances":null,"maxInstances":null,"ingressSettings":null,"concurrency":null,"serviceAccountEmail":null,"vpc":null,"platform":"gcfv2","labels":{},"httpsTrigger":{},"entryPoint":"ping"}},"specVersion":"v1alpha1","requiredAPIs":[],"extensions":{}}
[info] i  extensions: ensuring required API firebaseextensions.googleapis.com is enabled... 
[debug] [2026-02-28T22:14:53.369Z] > command requires scopes: ["email","openid","https://www.googleapis.com/auth/cloudplatformprojects.readonly","https://www.googleapis.com/auth/firebase","https://www.googleapis.com/auth/cloud-platform"]
[debug] [2026-02-28T22:14:53.369Z] > authorizing via signed-in user (jesusgabrielgonzaleses2@gmail.com)
[debug] [2026-02-28T22:14:53.370Z] [iam] checking project negocia-a17c5 for permissions ["firebase.projects.get","firebaseextensions.instances.list"]
[debug] [2026-02-28T22:14:53.370Z] Checked if tokens are valid: true, expires at: 1772319775115
[debug] [2026-02-28T22:14:53.370Z] Checked if tokens are valid: true, expires at: 1772319775115
[debug] [2026-02-28T22:14:53.371Z] >>> [apiv2][query] POST https://cloudresourcemanager.googleapis.com/v1/projects/negocia-a17c5:testIamPermissions [none]
[debug] [2026-02-28T22:14:53.371Z] >>> [apiv2][(partial)header] POST https://cloudresourcemanager.googleapis.com/v1/projects/negocia-a17c5:testIamPermissions  x-goog-user-project=negocia-a17c5
[debug] [2026-02-28T22:14:53.371Z] >>> [apiv2][body] POST https://cloudresourcemanager.googleapis.com/v1/projects/negocia-a17c5:testIamPermissions {"permissions":["firebase.projects.get","firebaseextensions.instances.list"]}
[debug] [2026-02-28T22:14:53.790Z] <<< [apiv2][status] POST https://cloudresourcemanager.googleapis.com/v1/projects/negocia-a17c5:testIamPermissions 200
[debug] [2026-02-28T22:14:53.790Z] <<< [apiv2][body] POST https://cloudresourcemanager.googleapis.com/v1/projects/negocia-a17c5:testIamPermissions {"permissions":["firebase.projects.get","firebaseextensions.instances.list"]}
[debug] [2026-02-28T22:14:53.791Z] Checked if tokens are valid: true, expires at: 1772319775115
[debug] [2026-02-28T22:14:53.791Z] Checked if tokens are valid: true, expires at: 1772319775115
[debug] [2026-02-28T22:14:53.821Z] >>> [apiv2][query] GET https://firebaseextensions.googleapis.com/v1beta/projects/negocia-a17c5/instances pageSize=100&pageToken=
[debug] [2026-02-28T22:14:54.293Z] <<< [apiv2][status] GET https://firebaseextensions.googleapis.com/v1beta/projects/negocia-a17c5/instances 200
[debug] [2026-02-28T22:14:54.293Z] <<< [apiv2][body] GET https://firebaseextensions.googleapis.com/v1beta/projects/negocia-a17c5/instances {}
[info] i  functions: Loaded environment variables from .env. 
[info] i  functions: preparing functions directory for uploading... 
[info] i  functions: packaged C:\Users\Jesus\Desktop\MarcaPersonal\NegocIA\AppNegocIA\functions (139.43 KB) for uploading 
[debug] [2026-02-28T22:14:54.553Z] Checked if tokens are valid: true, expires at: 1772319775115
[debug] [2026-02-28T22:14:54.553Z] Checked if tokens are valid: true, expires at: 1772319775115
[debug] [2026-02-28T22:14:54.554Z] >>> [apiv2][query] GET https://cloudfunctions.googleapis.com/v1/projects/negocia-a17c5/locations/-/functions [none]
[debug] [2026-02-28T22:14:55.212Z] <<< [apiv2][status] GET https://cloudfunctions.googleapis.com/v1/projects/negocia-a17c5/locations/-/functions 200
[debug] [2026-02-28T22:14:55.212Z] <<< [apiv2][body] GET https://cloudfunctions.googleapis.com/v1/projects/negocia-a17c5/locations/-/functions {}
[debug] [2026-02-28T22:14:55.213Z] Checked if tokens are valid: true, expires at: 1772319775115
[debug] [2026-02-28T22:14:55.213Z] Checked if tokens are valid: true, expires at: 1772319775115
[debug] [2026-02-28T22:14:55.214Z] >>> [apiv2][query] GET https://cloudfunctions.googleapis.com/v2/projects/negocia-a17c5/locations/-/functions filter=environment%3D%22GEN_2%22
[debug] [2026-02-28T22:14:55.615Z] <<< [apiv2][status] GET https://cloudfunctions.googleapis.com/v2/projects/negocia-a17c5/locations/-/functions 200
[debug] [2026-02-28T22:14:55.615Z] <<< [apiv2][body] GET https://cloudfunctions.googleapis.com/v2/projects/negocia-a17c5/locations/-/functions {"functions":[{"name":"projects/negocia-a17c5/locations/us-central1/functions/verifySubscription","buildConfig":{"build":"projects/129510647165/locations/us-central1/builds/91b8812e-c5e2-4f1a-a62f-1064ff7d1812","runtime":"nodejs24","entryPoint":"verifySubscription","source":{"storageSource":{"bucket":"gcf-v2-sources-129510647165-us-central1","object":"verifySubscription/function-source.zip","generation":"1772316349095635"}},"environmentVariables":{"GOOGLE_NODE_RUN_SCRIPTS":""},"dockerRepository":"projects/negocia-a17c5/locations/us-central1/repositories/gcf-artifacts","sourceProvenance":{"resolvedStorageSource":{"bucket":"gcf-v2-sources-129510647165-us-central1","object":"verifySubscription/function-source.zip","generation":"1772316349095635"}},"dockerRegistry":"ARTIFACT_REGISTRY","serviceAccount":"projects/negocia-a17c5/serviceAccounts/129510647165-compute@developer.gserviceaccount.com","automaticUpdatePolicy":{}},"serviceConfig":{"service":"projects/negocia-a17c5/locations/us-central1/services/verifysubscription","timeoutSeconds":60,"environmentVariables":{"GEMINI_API_KEY":"AIzaSyBUKADAZhpMSM4RtfCj5rvkBaySqpRB448","GCP_PROJECT_ID":"negocia-a17c5","REVENUECAT_WEBHOOK_SECRET":"placeholder","FIREBASE_CONFIG":"{\"projectId\":\"negocia-a17c5\",\"storageBucket\":\"negocia-a17c5.firebasestorage.app\"}","GCLOUD_PROJECT":"negocia-a17c5","EVENTARC_CLOUD_EVENT_SOURCE":"projects/negocia-a17c5/locations/us-central1/services/verifySubscription","FUNCTION_TARGET":"verifySubscription","LOG_EXECUTION_ID":"true","FUNCTION_SIGNATURE_TYPE":"http"},"ingressSettings":"ALLOW_ALL","uri":"https://verifysubscription-kxeu5kvi6a-uc.a.run.app","serviceAccountEmail":"129510647165-compute@developer.gserviceaccount.com","availableMemory":"256Mi","allTrafficOnLatestRevision":true,"revision":"verifysubscription-00001-zot","maxInstanceRequestConcurrency":80,"availableCpu":"1"},"state":"ACTIVE","updateTime":"2026-02-28T22:05:56.634392501Z","labels":{"deployment-tool":"cli-firebase","firebase-functions-hash":"b17ea305d159a45fefc40c98f10f15c105b9265b"},"environment":"GEN_2","url":"https://us-central1-negocia-a17c5.cloudfunctions.net/verifySubscription","createTime":"2026-02-28T22:05:49.327695952Z","satisfiesPzi":true},{"name":"projects/negocia-a17c5/locations/us-central1/functions/askAssistant","buildConfig":{"build":"projects/129510647165/locations/us-central1/builds/91b8812e-c5e2-4f1a-a62f-1064ff7d1812","runtime":"nodejs24","entryPoint":"askAssistant","source":{"storageSource":{"bucket":"gcf-v2-sources-129510647165-us-central1","object":"askAssistant/function-source.zip","generation":"1772316256937105"}},"environmentVariables":{"GOOGLE_NODE_RUN_SCRIPTS":""},"dockerRepository":"projects/negocia-a17c5/locations/us-central1/repositories/gcf-artifacts","sourceProvenance":{"resolvedStorageSource":{"bucket":"gcf-v2-sources-129510647165-us-central1","object":"askAssistant/function-source.zip","generation":"1772316256937105"}},"dockerRegistry":"ARTIFACT_REGISTRY","serviceAccount":"projects/negocia-a17c5/serviceAccounts/129510647165-compute@developer.gserviceaccount.com","automaticUpdatePolicy":{}},"serviceConfig":{"service":"projects/negocia-a17c5/locations/us-central1/services/askassistant","timeoutSeconds":60,"environmentVariables":{"GEMINI_API_KEY":"AIzaSyBUKADAZhpMSM4RtfCj5rvkBaySqpRB448","GCP_PROJECT_ID":"negocia-a17c5","REVENUECAT_WEBHOOK_SECRET":"placeholder","FIREBASE_CONFIG":"{\"projectId\":\"negocia-a17c5\",\"storageBucket\":\"negocia-a17c5.firebasestorage.app\"}","GCLOUD_PROJECT":"negocia-a17c5","EVENTARC_CLOUD_EVENT_SOURCE":"projects/negocia-a17c5/locations/us-central1/services/askAssistant","FUNCTION_TARGET":"askAssistant","LOG_EXECUTION_ID":"true"},"ingressSettings":"ALLOW_ALL","uri":"https://askassistant-kxeu5kvi6a-uc.a.run.app","serviceAccountEmail":"129510647165-compute@developer.gserviceaccount.com","availableMemory":"256Mi","allTrafficOnLatestRevision":true,"revision":"askassistant-00001-kiz","maxInstanceRequestConcurrency":80,"availableCpu":"1"},"state":"ACTIVE","updateTime":"2026-02-28T22:05:48.379017257Z","labels":{"deployment-tool":"cli-firebase","deployment-callable":"true","firebase-functions-hash":"b17ea305d159a45fefc40c98f10f15c105b9265b"},"environment":"GEN_2","url":"https://us-central1-negocia-a17c5.cloudfunctions.net/askAssistant","createTime":"2026-02-28T22:04:17.815064424Z","satisfiesPzi":true},{"name":"projects/negocia-a17c5/locations/us-central1/functions/ping","buildConfig":{"build":"projects/129510647165/locations/us-central1/builds/91b8812e-c5e2-4f1a-a62f-1064ff7d1812","runtime":"nodejs24","entryPoint":"ping","source":{"storageSource":{"bucket":"gcf-v2-sources-129510647165-us-central1","object":"ping/function-source.zip","generation":"1772316349484629"}},"environmentVariables":{"GOOGLE_NODE_RUN_SCRIPTS":""},"dockerRepository":"projects/negocia-a17c5/locations/us-central1/repositories/gcf-artifacts","sourceProvenance":{"resolvedStorageSource":{"bucket":"gcf-v2-sources-129510647165-us-central1","object":"ping/function-source.zip","generation":"1772316349484629"}},"dockerRegistry":"ARTIFACT_REGISTRY","serviceAccount":"projects/negocia-a17c5/serviceAccounts/129510647165-compute@developer.gserviceaccount.com","automaticUpdatePolicy":{}},"serviceConfig":{"service":"projects/negocia-a17c5/locations/us-central1/services/ping","timeoutSeconds":60,"environmentVariables":{"GEMINI_API_KEY":"AIzaSyBUKADAZhpMSM4RtfCj5rvkBaySqpRB448","GCP_PROJECT_ID":"negocia-a17c5","REVENUECAT_WEBHOOK_SECRET":"placeholder","FIREBASE_CONFIG":"{\"projectId\":\"negocia-a17c5\",\"storageBucket\":\"negocia-a17c5.firebasestorage.app\"}","GCLOUD_PROJECT":"negocia-a17c5","EVENTARC_CLOUD_EVENT_SOURCE":"projects/negocia-a17c5/locations/us-central1/services/ping","FUNCTION_TARGET":"ping","LOG_EXECUTION_ID":"true","FUNCTION_SIGNATURE_TYPE":"http"},"ingressSettings":"ALLOW_ALL","uri":"https://ping-kxeu5kvi6a-uc.a.run.app","serviceAccountEmail":"129510647165-compute@developer.gserviceaccount.com","availableMemory":"256Mi","allTrafficOnLatestRevision":true,"revision":"ping-00001-xad","maxInstanceRequestConcurrency":80,"availableCpu":"1"},"state":"ACTIVE","updateTime":"2026-02-28T22:05:56.034393222Z","labels":{"deployment-tool":"cli-firebase","firebase-functions-hash":"b17ea305d159a45fefc40c98f10f15c105b9265b"},"environment":"GEN_2","url":"https://us-central1-negocia-a17c5.cloudfunctions.net/ping","createTime":"2026-02-28T22:05:49.728260071Z","satisfiesPzi":true}]}
[info] i  functions: ensuring required API run.googleapis.com is enabled... 
[info] i  functions: ensuring required API eventarc.googleapis.com is enabled... 
[info] i  functions: ensuring required API pubsub.googleapis.com is enabled... 
[info] i  functions: ensuring required API storage.googleapis.com is enabled... 
[info] i  functions: generating the service identity for pubsub.googleapis.com... 
[debug] [2026-02-28T22:14:55.657Z] Checked if tokens are valid: true, expires at: 1772319775115
[debug] [2026-02-28T22:14:55.657Z] Checked if tokens are valid: true, expires at: 1772319775115
[info] i  functions: generating the service identity for eventarc.googleapis.com... 
[debug] [2026-02-28T22:14:55.658Z] Checked if tokens are valid: true, expires at: 1772319775115
[debug] [2026-02-28T22:14:55.658Z] Checked if tokens are valid: true, expires at: 1772319775115
[debug] [2026-02-28T22:14:55.658Z] >>> [apiv2][query] POST https://serviceusage.googleapis.com/v1beta1/projects/129510647165/services/pubsub.googleapis.com:generateServiceIdentity [none]
[debug] [2026-02-28T22:14:55.658Z] >>> [apiv2][(partial)header] POST https://serviceusage.googleapis.com/v1beta1/projects/129510647165/services/pubsub.googleapis.com:generateServiceIdentity  x-goog-user-project=129510647165
[debug] [2026-02-28T22:14:55.658Z] >>> [apiv2][body] POST https://serviceusage.googleapis.com/v1beta1/projects/129510647165/services/pubsub.googleapis.com:generateServiceIdentity {}
[debug] [2026-02-28T22:14:55.661Z] >>> [apiv2][query] POST https://serviceusage.googleapis.com/v1beta1/projects/129510647165/services/eventarc.googleapis.com:generateServiceIdentity [none]
[debug] [2026-02-28T22:14:55.661Z] >>> [apiv2][(partial)header] POST https://serviceusage.googleapis.com/v1beta1/projects/129510647165/services/eventarc.googleapis.com:generateServiceIdentity  x-goog-user-project=129510647165
[debug] [2026-02-28T22:14:55.661Z] >>> [apiv2][body] POST https://serviceusage.googleapis.com/v1beta1/projects/129510647165/services/eventarc.googleapis.com:generateServiceIdentity {}
[debug] [2026-02-28T22:14:56.260Z] <<< [apiv2][status] POST https://serviceusage.googleapis.com/v1beta1/projects/129510647165/services/pubsub.googleapis.com:generateServiceIdentity 200
[debug] [2026-02-28T22:14:56.260Z] <<< [apiv2][body] POST https://serviceusage.googleapis.com/v1beta1/projects/129510647165/services/pubsub.googleapis.com:generateServiceIdentity {"name":"operations/finished.DONE_OPERATION","done":true,"response":{"@type":"type.googleapis.com/google.api.serviceusage.v1beta1.ServiceIdentity","email":"service-129510647165@gcp-sa-pubsub.iam.gserviceaccount.com","uniqueId":"106413101968704346903"}}
[debug] [2026-02-28T22:14:56.277Z] <<< [apiv2][status] POST https://serviceusage.googleapis.com/v1beta1/projects/129510647165/services/eventarc.googleapis.com:generateServiceIdentity 200
[debug] [2026-02-28T22:14:56.277Z] <<< [apiv2][body] POST https://serviceusage.googleapis.com/v1beta1/projects/129510647165/services/eventarc.googleapis.com:generateServiceIdentity {"name":"operations/finished.DONE_OPERATION","done":true,"response":{"@type":"type.googleapis.com/google.api.serviceusage.v1beta1.ServiceIdentity","email":"service-129510647165@gcp-sa-eventarc.iam.gserviceaccount.com","uniqueId":"109446868724342066994"}}
[debug] [2026-02-28T22:14:56.282Z] Checked if tokens are valid: true, expires at: 1772319775115
[debug] [2026-02-28T22:14:56.282Z] Checked if tokens are valid: true, expires at: 1772319775115
[debug] [2026-02-28T22:14:56.282Z] >>> [apiv2][query] GET https://cloudresourcemanager.googleapis.com/v1/projects/negocia-a17c5 [none]
[debug] [2026-02-28T22:14:56.422Z] <<< [apiv2][status] GET https://cloudresourcemanager.googleapis.com/v1/projects/negocia-a17c5 200
[debug] [2026-02-28T22:14:56.422Z] <<< [apiv2][body] GET https://cloudresourcemanager.googleapis.com/v1/projects/negocia-a17c5 {"projectNumber":"129510647165","projectId":"negocia-a17c5","lifecycleState":"ACTIVE","name":"NegocIA","labels":{"firebase":"enabled","firebase-core":"disabled"},"createTime":"2026-01-18T23:26:28.060347Z"}
[debug] [2026-02-28T22:14:56.423Z] Checked if tokens are valid: true, expires at: 1772319775115
[debug] [2026-02-28T22:14:56.423Z] Checked if tokens are valid: true, expires at: 1772319775115
[debug] [2026-02-28T22:14:56.423Z] >>> [apiv2][query] GET https://compute.googleapis.com/compute/v1/projects/129510647165 [none]
[debug] [2026-02-28T22:14:56.710Z] <<< [apiv2][status] GET https://compute.googleapis.com/compute/v1/projects/129510647165 403
[debug] [2026-02-28T22:14:56.711Z] <<< [apiv2][body] GET https://compute.googleapis.com/compute/v1/projects/129510647165 {"error":{"code":403,"message":"Compute Engine API has not been used in project 129510647165 before or it is disabled. Enable it by visiting https://console.developers.google.com/apis/api/compute.googleapis.com/overview?project=129510647165 then retry. If you enabled this API recently, wait a few minutes for the action to propagate to our systems and retry.","errors":[{"message":"Compute Engine API has not been used in project 129510647165 before or it is disabled. Enable it by visiting https://console.developers.google.com/apis/api/compute.googleapis.com/overview?project=129510647165 then retry. If you enabled this API recently, wait a few minutes for the action to propagate to our systems and retry.","domain":"usageLimits","reason":"accessNotConfigured","extendedHelp":"https://console.developers.google.com"}],"status":"PERMISSION_DENIED","details":[{"@type":"type.googleapis.com/google.rpc.ErrorInfo","reason":"SERVICE_DISABLED","domain":"googleapis.com","metadata":{"activationUrl":"https://console.developers.google.com/apis/api/compute.googleapis.com/overview?project=129510647165","containerInfo":"129510647165","consumer":"projects/129510647165","serviceTitle":"Compute Engine API","service":"compute.googleapis.com"}},{"@type":"type.googleapis.com/google.rpc.LocalizedMessage","locale":"en-US","message":"Compute Engine API has not been used in project 129510647165 before or it is disabled. Enable it by visiting https://console.developers.google.com/apis/api/compute.googleapis.com/overview?project=129510647165 then retry. If you enabled this API recently, wait a few minutes for the action to propagate to our systems and retry."},{"@type":"type.googleapis.com/google.rpc.Help","links":[{"description":"Google developers console API activation","url":"https://console.developers.google.com/apis/api/compute.googleapis.com/overview?project=129510647165"}]}]}}
[debug] [2026-02-28T22:14:56.713Z] unable to look up default compute service account. Falling back to 129510647165-compute@developer.gserviceaccount.com. Error: {"name":"FirebaseError","children":[],"context":{"body":{"error":{"code":403,"message":"Compute Engine API has not been used in project 129510647165 before or it is disabled. Enable it by visiting https://console.developers.google.com/apis/api/compute.googleapis.com/overview?project=129510647165 then retry. If you enabled this API recently, wait a few minutes for the action to propagate to our systems and retry.","errors":[{"message":"Compute Engine API has not been used in project 129510647165 before or it is disabled. Enable it by visiting https://console.developers.google.com/apis/api/compute.googleapis.com/overview?project=129510647165 then retry. If you enabled this API recently, wait a few minutes for the action to propagate to our systems and retry.","domain":"usageLimits","reason":"accessNotConfigured","extendedHelp":"https://console.developers.google.com"}],"status":"PERMISSION_DENIED","details":[{"@type":"type.googleapis.com/google.rpc.ErrorInfo","reason":"SERVICE_DISABLED","domain":"googleapis.com","metadata":{"activationUrl":"https://console.developers.google.com/apis/api/compute.googleapis.com/overview?project=129510647165","containerInfo":"129510647165","consumer":"projects/129510647165","serviceTitle":"Compute Engine API","service":"compute.googleapis.com"}},{"@type":"type.googleapis.com/google.rpc.LocalizedMessage","locale":"en-US","message":"Compute Engine API has not been used in project 129510647165 before or it is disabled. Enable it by visiting https://console.developers.google.com/apis/api/compute.googleapis.com/overview?project=129510647165 then retry. If you enabled this API recently, wait a few minutes for the action to propagate to our systems and retry."},{"@type":"type.googleapis.com/google.rpc.Help","links":[{"description":"Google developers console API activation","url":"https://console.developers.google.com/apis/api/compute.googleapis.com/overview?project=129510647165"}]}]}},"response":{"statusCode":403}},"exit":1,"message":"Request to https://compute.googleapis.com/compute/v1/projects/129510647165 had HTTP Error: 403, Compute Engine API has not been used in project 129510647165 before or it is disabled. Enable it by visiting https://console.developers.google.com/apis/api/compute.googleapis.com/overview?project=129510647165 then retry. If you enabled this API recently, wait a few minutes for the action to propagate to our systems and retry.","status":403}
[debug] [2026-02-28T22:14:56.713Z] Checked if tokens are valid: true, expires at: 1772319775115
[debug] [2026-02-28T22:14:56.714Z] Checked if tokens are valid: true, expires at: 1772319775115
[debug] [2026-02-28T22:14:56.714Z] >>> [apiv2][query] GET https://compute.googleapis.com/compute/v1/projects/129510647165 [none]
[debug] [2026-02-28T22:14:56.858Z] <<< [apiv2][status] GET https://compute.googleapis.com/compute/v1/projects/129510647165 403
[debug] [2026-02-28T22:14:56.858Z] <<< [apiv2][body] GET https://compute.googleapis.com/compute/v1/projects/129510647165 {"error":{"code":403,"message":"Compute Engine API has not been used in project 129510647165 before or it is disabled. Enable it by visiting https://console.developers.google.com/apis/api/compute.googleapis.com/overview?project=129510647165 then retry. If you enabled this API recently, wait a few minutes for the action to propagate to our systems and retry.","errors":[{"message":"Compute Engine API has not been used in project 129510647165 before or it is disabled. Enable it by visiting https://console.developers.google.com/apis/api/compute.googleapis.com/overview?project=129510647165 then retry. If you enabled this API recently, wait a few minutes for the action to propagate to our systems and retry.","domain":"usageLimits","reason":"accessNotConfigured","extendedHelp":"https://console.developers.google.com"}],"status":"PERMISSION_DENIED","details":[{"@type":"type.googleapis.com/google.rpc.ErrorInfo","reason":"SERVICE_DISABLED","domain":"googleapis.com","metadata":{"containerInfo":"129510647165","serviceTitle":"Compute Engine API","activationUrl":"https://console.developers.google.com/apis/api/compute.googleapis.com/overview?project=129510647165","consumer":"projects/129510647165","service":"compute.googleapis.com"}},{"@type":"type.googleapis.com/google.rpc.LocalizedMessage","locale":"en-US","message":"Compute Engine API has not been used in project 129510647165 before or it is disabled. Enable it by visiting https://console.developers.google.com/apis/api/compute.googleapis.com/overview?project=129510647165 then retry. If you enabled this API recently, wait a few minutes for the action to propagate to our systems and retry."},{"@type":"type.googleapis.com/google.rpc.Help","links":[{"description":"Google developers console API activation","url":"https://console.developers.google.com/apis/api/compute.googleapis.com/overview?project=129510647165"}]}]}}
[debug] [2026-02-28T22:14:56.859Z] unable to look up default compute service account. Falling back to 129510647165-compute@developer.gserviceaccount.com. Error: {"name":"FirebaseError","children":[],"context":{"body":{"error":{"code":403,"message":"Compute Engine API has not been used in project 129510647165 before or it is disabled. Enable it by visiting https://console.developers.google.com/apis/api/compute.googleapis.com/overview?project=129510647165 then retry. If you enabled this API recently, wait a few minutes for the action to propagate to our systems and retry.","errors":[{"message":"Compute Engine API has not been used in project 129510647165 before or it is disabled. Enable it by visiting https://console.developers.google.com/apis/api/compute.googleapis.com/overview?project=129510647165 then retry. If you enabled this API recently, wait a few minutes for the action to propagate to our systems and retry.","domain":"usageLimits","reason":"accessNotConfigured","extendedHelp":"https://console.developers.google.com"}],"status":"PERMISSION_DENIED","details":[{"@type":"type.googleapis.com/google.rpc.ErrorInfo","reason":"SERVICE_DISABLED","domain":"googleapis.com","metadata":{"containerInfo":"129510647165","serviceTitle":"Compute Engine API","activationUrl":"https://console.developers.google.com/apis/api/compute.googleapis.com/overview?project=129510647165","consumer":"projects/129510647165","service":"compute.googleapis.com"}},{"@type":"type.googleapis.com/google.rpc.LocalizedMessage","locale":"en-US","message":"Compute Engine API has not been used in project 129510647165 before or it is disabled. Enable it by visiting https://console.developers.google.com/apis/api/compute.googleapis.com/overview?project=129510647165 then retry. If you enabled this API recently, wait a few minutes for the action to propagate to our systems and retry."},{"@type":"type.googleapis.com/google.rpc.Help","links":[{"description":"Google developers console API activation","url":"https://console.developers.google.com/apis/api/compute.googleapis.com/overview?project=129510647165"}]}]}},"response":{"statusCode":403}},"exit":1,"message":"Request to https://compute.googleapis.com/compute/v1/projects/129510647165 had HTTP Error: 403, Compute Engine API has not been used in project 129510647165 before or it is disabled. Enable it by visiting https://console.developers.google.com/apis/api/compute.googleapis.com/overview?project=129510647165 then retry. If you enabled this API recently, wait a few minutes for the action to propagate to our systems and retry.","status":403}
[debug] [2026-02-28T22:14:56.860Z] Checked if tokens are valid: true, expires at: 1772319775115
[debug] [2026-02-28T22:14:56.860Z] Checked if tokens are valid: true, expires at: 1772319775115
[debug] [2026-02-28T22:14:56.860Z] >>> [apiv2][query] GET https://compute.googleapis.com/compute/v1/projects/129510647165 [none]
[debug] [2026-02-28T22:14:57.154Z] <<< [apiv2][status] GET https://compute.googleapis.com/compute/v1/projects/129510647165 403
[debug] [2026-02-28T22:14:57.154Z] <<< [apiv2][body] GET https://compute.googleapis.com/compute/v1/projects/129510647165 {"error":{"code":403,"message":"Compute Engine API has not been used in project 129510647165 before or it is disabled. Enable it by visiting https://console.developers.google.com/apis/api/compute.googleapis.com/overview?project=129510647165 then retry. If you enabled this API recently, wait a few minutes for the action to propagate to our systems and retry.","errors":[{"message":"Compute Engine API has not been used in project 129510647165 before or it is disabled. Enable it by visiting https://console.developers.google.com/apis/api/compute.googleapis.com/overview?project=129510647165 then retry. If you enabled this API recently, wait a few minutes for the action to propagate to our systems and retry.","domain":"usageLimits","reason":"accessNotConfigured","extendedHelp":"https://console.developers.google.com"}],"status":"PERMISSION_DENIED","details":[{"@type":"type.googleapis.com/google.rpc.ErrorInfo","reason":"SERVICE_DISABLED","domain":"googleapis.com","metadata":{"serviceTitle":"Compute Engine API","consumer":"projects/129510647165","service":"compute.googleapis.com","containerInfo":"129510647165","activationUrl":"https://console.developers.google.com/apis/api/compute.googleapis.com/overview?project=129510647165"}},{"@type":"type.googleapis.com/google.rpc.LocalizedMessage","locale":"en-US","message":"Compute Engine API has not been used in project 129510647165 before or it is disabled. Enable it by visiting https://console.developers.google.com/apis/api/compute.googleapis.com/overview?project=129510647165 then retry. If you enabled this API recently, wait a few minutes for the action to propagate to our systems and retry."},{"@type":"type.googleapis.com/google.rpc.Help","links":[{"description":"Google developers console API activation","url":"https://console.developers.google.com/apis/api/compute.googleapis.com/overview?project=129510647165"}]}]}}
[debug] [2026-02-28T22:14:57.155Z] unable to look up default compute service account. Falling back to 129510647165-compute@developer.gserviceaccount.com. Error: {"name":"FirebaseError","children":[],"context":{"body":{"error":{"code":403,"message":"Compute Engine API has not been used in project 129510647165 before or it is disabled. Enable it by visiting https://console.developers.google.com/apis/api/compute.googleapis.com/overview?project=129510647165 then retry. If you enabled this API recently, wait a few minutes for the action to propagate to our systems and retry.","errors":[{"message":"Compute Engine API has not been used in project 129510647165 before or it is disabled. Enable it by visiting https://console.developers.google.com/apis/api/compute.googleapis.com/overview?project=129510647165 then retry. If you enabled this API recently, wait a few minutes for the action to propagate to our systems and retry.","domain":"usageLimits","reason":"accessNotConfigured","extendedHelp":"https://console.developers.google.com"}],"status":"PERMISSION_DENIED","details":[{"@type":"type.googleapis.com/google.rpc.ErrorInfo","reason":"SERVICE_DISABLED","domain":"googleapis.com","metadata":{"serviceTitle":"Compute Engine API","consumer":"projects/129510647165","service":"compute.googleapis.com","containerInfo":"129510647165","activationUrl":"https://console.developers.google.com/apis/api/compute.googleapis.com/overview?project=129510647165"}},{"@type":"type.googleapis.com/google.rpc.LocalizedMessage","locale":"en-US","message":"Compute Engine API has not been used in project 129510647165 before or it is disabled. Enable it by visiting https://console.developers.google.com/apis/api/compute.googleapis.com/overview?project=129510647165 then retry. If you enabled this API recently, wait a few minutes for the action to propagate to our systems and retry."},{"@type":"type.googleapis.com/google.rpc.Help","links":[{"description":"Google developers console API activation","url":"https://console.developers.google.com/apis/api/compute.googleapis.com/overview?project=129510647165"}]}]}},"response":{"statusCode":403}},"exit":1,"message":"Request to https://compute.googleapis.com/compute/v1/projects/129510647165 had HTTP Error: 403, Compute Engine API has not been used in project 129510647165 before or it is disabled. Enable it by visiting https://console.developers.google.com/apis/api/compute.googleapis.com/overview?project=129510647165 then retry. If you enabled this API recently, wait a few minutes for the action to propagate to our systems and retry.","status":403}
[debug] [2026-02-28T22:14:57.158Z] Checked if tokens are valid: true, expires at: 1772319775115
[debug] [2026-02-28T22:14:57.159Z] Checked if tokens are valid: true, expires at: 1772319775115
[debug] [2026-02-28T22:14:57.159Z] >>> [apiv2][query] GET https://cloudbilling.googleapis.com/v1/projects/negocia-a17c5/billingInfo [none]
[debug] [2026-02-28T22:14:57.559Z] <<< [apiv2][status] GET https://cloudbilling.googleapis.com/v1/projects/negocia-a17c5/billingInfo 200
[debug] [2026-02-28T22:14:57.559Z] <<< [apiv2][body] GET https://cloudbilling.googleapis.com/v1/projects/negocia-a17c5/billingInfo {"name":"projects/negocia-a17c5/billingInfo","projectId":"negocia-a17c5","billingAccountName":"billingAccounts/011BA2-63AFA5-1E1F50","billingEnabled":true}
[debug] [2026-02-28T22:14:57.566Z] Checked if tokens are valid: true, expires at: 1772319775115
[debug] [2026-02-28T22:14:57.566Z] Checked if tokens are valid: true, expires at: 1772319775115
[debug] [2026-02-28T22:14:57.567Z] >>> [apiv2][query] POST https://cloudfunctions.googleapis.com/v2/projects/negocia-a17c5/locations/us-central1/functions:generateUploadUrl [none]
[debug] [2026-02-28T22:14:57.819Z] <<< [apiv2][status] POST https://cloudfunctions.googleapis.com/v2/projects/negocia-a17c5/locations/us-central1/functions:generateUploadUrl 200
[debug] [2026-02-28T22:14:57.819Z] <<< [apiv2][body] POST https://cloudfunctions.googleapis.com/v2/projects/negocia-a17c5/locations/us-central1/functions:generateUploadUrl {"uploadUrl":"https://storage.googleapis.com/gcf-v2-uploads-129510647165.us-central1.cloudfunctions.appspot.com/29cf677f-9801-46b2-b315-ae0923d2b0a1.zip?GoogleAccessId=service-129510647165@gcf-admin-robot.iam.gserviceaccount.com&Expires=1772318697&Signature=Pd%2FzAQB1ii9C2MXcj8qGxxQi%2B0u05VLjLCwqlqbiYNEVyZ2WQhWVEta3EfYmN3KFTxw0VCJ33OonhPA534eK7gAB0Nlpiqt4Ld8T0Vt2IPPAz7kX5q7pb9eHMuKDFSVjqAXxR%2B29ImpgeVxfSKM80KssuNrS%2BfFk3AdKu2MfyM9%2Bs0b%2FB7RTOgnOG4oVOE1LOUTbHWRM%2FIdIFBiCEEzQdZJg0Oo%2BZZ41Cl9pPUOORnNZqMU9UbIEEdJswV4cu%2B1TQp44ew3oGVeObeOpD4wN%2Faw2PFe4ZNy1DZclMiBJMxhBIqBqlwX9K2HV6uyN5U2W2fwytaqjSVfWG1xJMtdhAQ%3D%3D","storageSource":{"bucket":"gcf-v2-uploads-129510647165.us-central1.cloudfunctions.appspot.com","object":"29cf677f-9801-46b2-b315-ae0923d2b0a1.zip"}}
[debug] [2026-02-28T22:14:57.824Z] >>> [apiv2][query] PUT https://storage.googleapis.com/gcf-v2-uploads-129510647165.us-central1.cloudfunctions.appspot.com/29cf677f-9801-46b2-b315-ae0923d2b0a1.zip GoogleAccessId=service-129510647165%40gcf-admin-robot.iam.gserviceaccount.com&Expires=1772318697&Signature=Pd%2FzAQB1ii9C2MXcj8qGxxQi%2B0u05VLjLCwqlqbiYNEVyZ2WQhWVEta3EfYmN3KFTxw0VCJ33OonhPA534eK7gAB0Nlpiqt4Ld8T0Vt2IPPAz7kX5q7pb9eHMuKDFSVjqAXxR%2B29ImpgeVxfSKM80KssuNrS%2BfFk3AdKu2MfyM9%2Bs0b%2FB7RTOgnOG4oVOE1LOUTbHWRM%2FIdIFBiCEEzQdZJg0Oo%2BZZ41Cl9pPUOORnNZqMU9UbIEEdJswV4cu%2B1TQp44ew3oGVeObeOpD4wN%2Faw2PFe4ZNy1DZclMiBJMxhBIqBqlwX9K2HV6uyN5U2W2fwytaqjSVfWG1xJMtdhAQ%3D%3D
[debug] [2026-02-28T22:14:57.824Z] >>> [apiv2][body] PUT https://storage.googleapis.com/gcf-v2-uploads-129510647165.us-central1.cloudfunctions.appspot.com/29cf677f-9801-46b2-b315-ae0923d2b0a1.zip [stream]
